Looking for git in: git
Using git 2.25.1 from git
> git rev-parse --git-dir
Open repository: /opt/lampp/htdocs/lsapp
> git status -z -u
> git symbolic-ref --short HEAD
> git for-each-ref --format=%(refname)%00%(upstream:short)%00%(upstream:track)%00%(objectname) refs/heads/master refs/remotes/master
> git for-each-ref --sort -committerdate --format %(refname) %(objectname) %(*objectname)
> git remote --verbose
> git config --get commit.template
> git show --textconv :public/css/app.css
> git ls-files --stage -- /opt/lampp/htdocs/lsapp/public/css/app.css
> git cat-file -s 009edf3b134274e8974acdd487e8307eefb4a411
> git check-ignore -v -z --stdin
> git show --textconv :resources/views/includes/navbar.blade.php
> git ls-files --stage -- /opt/lampp/htdocs/lsapp/resources/views/includes/navbar.blade.php
> git cat-file -s 71efaa32e45370585fd0e8896949b177dee8577b
> git check-ignore -v -z --stdin
> git check-ignore -v -z --stdin
> git check-ignore -v -z --stdin
> git show --textconv :resources/views/posts/create.blade.php
> git ls-files --stage -- /opt/lampp/htdocs/lsapp/resources/views/posts/create.blade.php
> git cat-file -s 34fd34148f8f2cfa3b69f07695c1e6d9ed012f56
> git show --textconv :resources/views/layouts/app.blade.php
> git ls-files --stage -- /opt/lampp/htdocs/lsapp/resources/views/layouts/app.blade.php
> git cat-file -s 560a27656bf2e8a739f6bbed1b7442641d55d188
> git show --textconv :app/Http/Controllers/PostsController.php
> git ls-files --stage -- /opt/lampp/htdocs/lsapp/app/Http/Controllers/PostsController.php
> git cat-file -s 5bb09a32a68dd863a7c4a8a60ddd043956fec945
> git show --textconv :resources/views/layouts/app.blade.php
> git ls-files --stage -- /opt/lampp/htdocs/lsapp/resources/views/layouts/app.blade.php
> git cat-file -s 560a27656bf2e8a739f6bbed1b7442641d55d188
> git show --textconv :resources/views/includes/navbar.blade.php
> git ls-files --stage -- /opt/lampp/htdocs/lsapp/resources/views/includes/navbar.blade.php
> git cat-file -s 71efaa32e45370585fd0e8896949b177dee8577b
> git show --textconv :public/css/app.css
> git ls-files --stage -- /opt/lampp/htdocs/lsapp/public/css/app.css
> git cat-file -s 009edf3b134274e8974acdd487e8307eefb4a411
> git show --textconv :resources/views/includes/navbar.blade.php
> git ls-files --stage -- /opt/lampp/htdocs/lsapp/resources/views/includes/navbar.blade.php
> git cat-file -s 71efaa32e45370585fd0e8896949b177dee8577b
> git show --textconv :resources/views/welcome.blade.php
> git ls-files --stage -- /opt/lampp/htdocs/lsapp/resources/views/welcome.blade.php
> git cat-file -s e305e336fbfabde6bebd311e3b0a67eb13b8eb5e
> git check-ignore -v -z --stdin
> git show --textconv :routes/web.php
> git ls-files --stage -- /opt/lampp/htdocs/lsapp/routes/web.php
> git cat-file -s db6c8145724c23b465e079626a7b02fa053fe60c
> git show --textconv :resources/views/pages/index.blade.php
> git ls-files --stage -- /opt/lampp/htdocs/lsapp/resources/views/pages/index.blade.php
> git cat-file -s 9d7ff7454c985590c1ba20e819f84df702b0497b
> git show --textconv :routes/web.php
> git ls-files --stage -- /opt/lampp/htdocs/lsapp/routes/web.php
> git cat-file -s db6c8145724c23b465e079626a7b02fa053fe60c
> git show --textconv :resources/views/includes/navbar.blade.php
> git ls-files --stage -- /opt/lampp/htdocs/lsapp/resources/views/includes/navbar.blade.php
> git cat-file -s 71efaa32e45370585fd0e8896949b177dee8577b
> git show --textconv :resources/views/pages/index.blade.php
> git ls-files --stage -- /opt/lampp/htdocs/lsapp/resources/views/pages/index.blade.php
> git cat-file -s 9d7ff7454c985590c1ba20e819f84df702b0497b
> git show --textconv :resources/views/layouts/app.blade.php
> git ls-files --stage -- /opt/lampp/htdocs/lsapp/resources/views/layouts/app.blade.php
> git cat-file -s 560a27656bf2e8a739f6bbed1b7442641d55d188
> git show --textconv :app/Http/Controllers/PostsController.php
> git ls-files --stage -- /opt/lampp/htdocs/lsapp/app/Http/Controllers/PostsController.php
> git cat-file -s 5bb09a32a68dd863a7c4a8a60ddd043956fec945
> git show --textconv :app/Models/User.php
> git ls-files --stage -- /opt/lampp/htdocs/lsapp/app/Models/User.php
> git cat-file -s ad4c7aa65f0d64eea19ef02633fa88977bca86f0
> git check-ignore -v -z --stdin
> git show --textconv :routes/web.php
> git ls-files --stage -- /opt/lampp/htdocs/lsapp/routes/web.php
> git cat-file -s db6c8145724c23b465e079626a7b02fa053fe60c
> git check-ignore -v -z --stdin
