[2021-02-09 08:48:43.443] [exthost] [info] extension host started
[2021-02-09 08:48:43.713] [exthost] [info] ExtensionService#_doActivateExtension vscode.microsoft-authentication {"startup":false,"extensionId":{"value":"vscode.microsoft-authentication","_lower":"vscode.microsoft-authentication"},"activationEvent":"onAuthenticationRequest:microsoft"}
[2021-02-09 08:48:43.717] [exthost] [info] ExtensionService#loadCommonJSModule file:///snap/code/53/usr/share/code/resources/app/extensions/microsoft-authentication/dist/extension.js
[2021-02-09 08:48:43.742] [exthost] [info] ExtensionService#_doActivateExtension vscode.php-language-features {"startup":false,"extensionId":{"value":"vscode.php-language-features","_lower":"vscode.php-language-features"},"activationEvent":"onLanguage:php"}
[2021-02-09 08:48:43.743] [exthost] [info] ExtensionService#loadCommonJSModule file:///snap/code/53/usr/share/code/resources/app/extensions/php-language-features/dist/phpMain
[2021-02-09 08:48:43.769] [exthost] [info] ExtensionService#_doActivateExtension vscode.debug-auto-launch {"startup":true,"extensionId":{"value":"vscode.debug-auto-launch","_lower":"vscode.debug-auto-launch"},"activationEvent":"*"}
[2021-02-09 08:48:43.769] [exthost] [info] ExtensionService#loadCommonJSModule file:///snap/code/53/usr/share/code/resources/app/extensions/debug-auto-launch/dist/extension
[2021-02-09 08:48:43.777] [exthost] [info] ExtensionService#_doActivateExtension vscode.git {"startup":true,"extensionId":{"value":"vscode.github","_lower":"vscode.github"},"activationEvent":"*"}
[2021-02-09 08:48:43.777] [exthost] [info] ExtensionService#loadCommonJSModule file:///snap/code/53/usr/share/code/resources/app/extensions/git/dist/main
[2021-02-09 08:48:43.876] [exthost] [info] ExtensionService#_doActivateExtension vscode.npm {"startup":true,"extensionId":{"value":"vscode.npm","_lower":"vscode.npm"},"activationEvent":"workspaceContains:package.json"}
[2021-02-09 08:48:43.876] [exthost] [info] ExtensionService#loadCommonJSModule file:///snap/code/53/usr/share/code/resources/app/extensions/npm/dist/npmMain
[2021-02-09 08:48:44.305] [exthost] [info] ExtensionService#_doActivateExtension vscode.github {"startup":true,"extensionId":{"value":"vscode.github","_lower":"vscode.github"},"activationEvent":"*"}
[2021-02-09 08:48:44.306] [exthost] [info] ExtensionService#loadCommonJSModule file:///snap/code/53/usr/share/code/resources/app/extensions/github/dist/extension.js
[2021-02-09 08:48:44.410] [exthost] [info] ExtensionService#_doActivateExtension ms-vscode.js-debug {"startup":false,"extensionId":{"value":"ms-vscode.js-debug","_lower":"ms-vscode.js-debug"},"activationEvent":"onCommand:extension.js-debug.clearAutoAttachVariables"}
[2021-02-09 08:48:44.410] [exthost] [info] ExtensionService#loadCommonJSModule file:///snap/code/53/usr/share/code/resources/app/extensions/ms-vscode.js-debug/src/extension.js
[2021-02-09 08:48:44.585] [exthost] [info] eager extensions activated
[2021-02-09 08:48:44.605] [exthost] [info] ExtensionService#_doActivateExtension vscode.emmet {"startup":false,"extensionId":{"value":"vscode.emmet","_lower":"vscode.emmet"},"activationEvent":"onStartupFinished"}
[2021-02-09 08:48:44.605] [exthost] [info] ExtensionService#loadCommonJSModule file:///snap/code/53/usr/share/code/resources/app/extensions/emmet/dist/node/emmetNodeMain
[2021-02-09 08:48:44.622] [exthost] [info] ExtensionService#_doActivateExtension vscode.merge-conflict {"startup":false,"extensionId":{"value":"vscode.merge-conflict","_lower":"vscode.merge-conflict"},"activationEvent":"onStartupFinished"}
[2021-02-09 08:48:44.622] [exthost] [info] ExtensionService#loadCommonJSModule file:///snap/code/53/usr/share/code/resources/app/extensions/merge-conflict/dist/mergeConflictMain
[2021-02-09 08:48:44.626] [exthost] [info] ExtensionService#_doActivateExtension vscode.testing-editor-contributions {"startup":false,"extensionId":{"value":"vscode.testing-editor-contributions","_lower":"vscode.testing-editor-contributions"},"activationEvent":"onStartupFinished"}
[2021-02-09 08:48:44.626] [exthost] [info] ExtensionService#loadCommonJSModule file:///snap/code/53/usr/share/code/resources/app/extensions/testing-editor-contributions/dist/extension.js
[2021-02-09 08:48:44.670] [exthost] [info] ExtensionService#_doActivateExtension vscode.github-authentication {"startup":false,"extensionId":{"value":"vscode.github-authentication","_lower":"vscode.github-authentication"},"activationEvent":"onAuthenticationRequest:github"}
[2021-02-09 08:48:44.671] [exthost] [info] ExtensionService#loadCommonJSModule file:///snap/code/53/usr/share/code/resources/app/extensions/github-authentication/dist/extension.js
[2021-02-09 08:48:57.894] [exthost] [info] ExtensionService#_doActivateExtension vscode.simple-browser {"startup":false,"extensionId":{"value":"vscode.simple-browser","_lower":"vscode.simple-browser"},"activationEvent":"onUriOpen:http"}
[2021-02-09 08:48:57.894] [exthost] [info] ExtensionService#loadCommonJSModule file:///snap/code/53/usr/share/code/resources/app/extensions/simple-browser/dist/extension
[2021-02-09 08:52:09.308] [exthost] [info] ExtensionService#_doActivateExtension onecentlin.laravel-blade {"startup":false,"extensionId":{"value":"onecentlin.laravel-blade","_lower":"onecentlin.laravel-blade"},"activationEvent":"onLanguage:blade"}
[2021-02-09 08:52:09.308] [exthost] [info] ExtensionService#loadCommonJSModule file:///root/.vscode/extensions/onecentlin.laravel-blade-1.25.0/out/extension
[2021-02-09 13:35:47.687] [exthost] [info] ExtensionService#_doActivateExtension vscode.html-language-features {"startup":false,"extensionId":{"value":"vscode.html-language-features","_lower":"vscode.html-language-features"},"activationEvent":"onLanguage:html"}
[2021-02-09 13:35:47.687] [exthost] [info] ExtensionService#loadCommonJSModule file:///snap/code/53/usr/share/code/resources/app/extensions/html-language-features/client/dist/node/htmlClientMain
[2021-02-09 18:19:18.054] [exthost] [info] extension host terminating: received terminate message from renderer
[2021-02-09 18:19:19.081] [exthost] [info] exiting with code 0
