[2021-03-19 14:36:23.644] [exthost] [info] extension host started
[2021-03-19 14:36:23.939] [exthost] [info] ExtensionService#_doActivateExtension vscode.microsoft-authentication {"startup":false,"extensionId":{"value":"vscode.microsoft-authentication","_lower":"vscode.microsoft-authentication"},"activationEvent":"onAuthenticationRequest:microsoft"}
[2021-03-19 14:36:23.940] [exthost] [info] ExtensionService#loadCommonJSModule file:///snap/code/59/usr/share/code/resources/app/extensions/microsoft-authentication/dist/extension.js
[2021-03-19 14:36:23.985] [exthost] [info] ExtensionService#_doActivateExtension vscode.php-language-features {"startup":false,"extensionId":{"value":"vscode.php-language-features","_lower":"vscode.php-language-features"},"activationEvent":"onLanguage:php"}
[2021-03-19 14:36:23.986] [exthost] [info] ExtensionService#loadCommonJSModule file:///snap/code/59/usr/share/code/resources/app/extensions/php-language-features/dist/phpMain
[2021-03-19 14:36:24.022] [exthost] [info] ExtensionService#_doActivateExtension vscode.extension-editing {"startup":false,"extensionId":{"value":"vscode.extension-editing","_lower":"vscode.extension-editing"},"activationEvent":"onLanguage:typescript"}
[2021-03-19 14:36:24.022] [exthost] [info] ExtensionService#loadCommonJSModule file:///snap/code/59/usr/share/code/resources/app/extensions/extension-editing/dist/extensionEditingMain
[2021-03-19 14:36:24.059] [exthost] [info] ExtensionService#_doActivateExtension vscode.typescript-language-features {"startup":false,"extensionId":{"value":"vscode.typescript-language-features","_lower":"vscode.typescript-language-features"},"activationEvent":"onLanguage:typescript"}
[2021-03-19 14:36:24.059] [exthost] [info] ExtensionService#loadCommonJSModule file:///snap/code/59/usr/share/code/resources/app/extensions/typescript-language-features/dist/extension
[2021-03-19 14:36:24.107] [exthost] [info] ExtensionService#_doActivateExtension vscode.debug-auto-launch {"startup":true,"extensionId":{"value":"vscode.debug-auto-launch","_lower":"vscode.debug-auto-launch"},"activationEvent":"*"}
[2021-03-19 14:36:24.107] [exthost] [info] ExtensionService#loadCommonJSModule file:///snap/code/59/usr/share/code/resources/app/extensions/debug-auto-launch/dist/extension
[2021-03-19 14:36:24.111] [exthost] [info] ExtensionService#_doActivateExtension vscode.git {"startup":true,"extensionId":{"value":"vscode.github","_lower":"vscode.github"},"activationEvent":"*"}
[2021-03-19 14:36:24.111] [exthost] [info] ExtensionService#loadCommonJSModule file:///snap/code/59/usr/share/code/resources/app/extensions/git/dist/main
[2021-03-19 14:36:24.184] [exthost] [info] ExtensionService#_doActivateExtension vscode.npm {"startup":true,"extensionId":{"value":"vscode.npm","_lower":"vscode.npm"},"activationEvent":"workspaceContains:package.json"}
[2021-03-19 14:36:24.184] [exthost] [info] ExtensionService#loadCommonJSModule file:///snap/code/59/usr/share/code/resources/app/extensions/npm/dist/npmMain
[2021-03-19 14:36:25.009] [exthost] [info] ExtensionService#_doActivateExtension vscode.github {"startup":true,"extensionId":{"value":"vscode.github","_lower":"vscode.github"},"activationEvent":"*"}
[2021-03-19 14:36:25.009] [exthost] [info] ExtensionService#loadCommonJSModule file:///snap/code/59/usr/share/code/resources/app/extensions/github/dist/extension.js
[2021-03-19 14:36:25.136] [exthost] [info] eager extensions activated
[2021-03-19 14:36:25.248] [exthost] [info] ExtensionService#_doActivateExtension ms-vscode.js-debug {"startup":false,"extensionId":{"value":"ms-vscode.js-debug","_lower":"ms-vscode.js-debug"},"activationEvent":"onCommand:extension.js-debug.clearAutoAttachVariables"}
[2021-03-19 14:36:25.248] [exthost] [info] ExtensionService#loadCommonJSModule file:///snap/code/59/usr/share/code/resources/app/extensions/ms-vscode.js-debug/src/extension.js
[2021-03-19 14:36:25.541] [exthost] [info] ExtensionService#_doActivateExtension vscode.emmet {"startup":false,"extensionId":{"value":"vscode.emmet","_lower":"vscode.emmet"},"activationEvent":"onStartupFinished"}
[2021-03-19 14:36:25.541] [exthost] [info] ExtensionService#loadCommonJSModule file:///snap/code/59/usr/share/code/resources/app/extensions/emmet/dist/node/emmetNodeMain
[2021-03-19 14:36:25.557] [exthost] [info] ExtensionService#_doActivateExtension vscode.merge-conflict {"startup":false,"extensionId":{"value":"vscode.merge-conflict","_lower":"vscode.merge-conflict"},"activationEvent":"onStartupFinished"}
[2021-03-19 14:36:25.557] [exthost] [info] ExtensionService#loadCommonJSModule file:///snap/code/59/usr/share/code/resources/app/extensions/merge-conflict/dist/mergeConflictMain
[2021-03-19 14:36:25.562] [exthost] [info] ExtensionService#_doActivateExtension vscode.testing-editor-contributions {"startup":false,"extensionId":{"value":"vscode.testing-editor-contributions","_lower":"vscode.testing-editor-contributions"},"activationEvent":"onStartupFinished"}
[2021-03-19 14:36:25.562] [exthost] [info] ExtensionService#loadCommonJSModule file:///snap/code/59/usr/share/code/resources/app/extensions/testing-editor-contributions/dist/extension.js
[2021-03-19 14:36:25.631] [exthost] [error] {"message":"Git error","stdout":"","stderr":"fatal: pathspec '/opt/lampp/htdocs/lsapp/public/storage/terry.jpg' is beyond a symbolic link\n","exitCode":128}
[2021-03-19 14:36:25.631] [exthost] [error] {"message":"Git error","stdout":"","stderr":"fatal: pathspec '/opt/lampp/htdocs/lsapp/public/storage/terry.jpg' is beyond a symbolic link\n","exitCode":128}
[2021-03-19 14:36:25.631] [exthost] [error] {"message":"Git error","stdout":"","stderr":"fatal: pathspec '/opt/lampp/htdocs/lsapp/public/storage/terry.jpg' is beyond a symbolic link\n","exitCode":128}
[2021-03-19 14:36:25.631] [exthost] [error] {"message":"Git error","stdout":"","stderr":"fatal: pathspec '/opt/lampp/htdocs/lsapp/public/storage/terry.jpg' is beyond a symbolic link\n","exitCode":128}
[2021-03-19 14:36:25.631] [exthost] [error] {"message":"Git error","stdout":"","stderr":"fatal: pathspec '/opt/lampp/htdocs/lsapp/public/storage/terry.jpg' is beyond a symbolic link\n","exitCode":128}
[2021-03-19 14:36:25.631] [exthost] [error] {"message":"Git error","stdout":"","stderr":"fatal: pathspec '/opt/lampp/htdocs/lsapp/public/storage/terry.jpg' is beyond a symbolic link\n","exitCode":128}
[2021-03-19 14:36:25.631] [exthost] [error] {"message":"Git error","stdout":"","stderr":"fatal: pathspec '/opt/lampp/htdocs/lsapp/public/storage/terry.jpg' is beyond a symbolic link\n","exitCode":128}
[2021-03-19 14:36:25.631] [exthost] [error] {"message":"Git error","stdout":"","stderr":"fatal: pathspec '/opt/lampp/htdocs/lsapp/public/storage/terry.jpg' is beyond a symbolic link\n","exitCode":128}
[2021-03-19 14:36:25.631] [exthost] [error] {"message":"Git error","stdout":"","stderr":"fatal: pathspec '/opt/lampp/htdocs/lsapp/public/storage/terry.jpg' is beyond a symbolic link\n","exitCode":128}
[2021-03-19 14:36:25.631] [exthost] [error] {"message":"Git error","stdout":"","stderr":"fatal: pathspec '/opt/lampp/htdocs/lsapp/public/storage/terry.jpg' is beyond a symbolic link\n","exitCode":128}
[2021-03-19 14:36:25.631] [exthost] [error] {"message":"Git error","stdout":"","stderr":"fatal: pathspec '/opt/lampp/htdocs/lsapp/public/storage/terry.jpg' is beyond a symbolic link\n","exitCode":128}
[2021-03-19 14:36:25.631] [exthost] [error] {"message":"Git error","stdout":"","stderr":"fatal: pathspec '/opt/lampp/htdocs/lsapp/public/storage/terry.jpg' is beyond a symbolic link\n","exitCode":128}
[2021-03-19 14:36:25.631] [exthost] [error] {"message":"Git error","stdout":"","stderr":"fatal: pathspec '/opt/lampp/htdocs/lsapp/public/storage/terry.jpg' is beyond a symbolic link\n","exitCode":128}
[2021-03-19 14:36:25.631] [exthost] [error] {"message":"Git error","stdout":"","stderr":"fatal: pathspec '/opt/lampp/htdocs/lsapp/public/storage/terry.jpg' is beyond a symbolic link\n","exitCode":128}
[2021-03-19 14:36:25.631] [exthost] [error] {"message":"Git error","stdout":"","stderr":"fatal: pathspec '/opt/lampp/htdocs/lsapp/public/storage/terry.jpg' is beyond a symbolic link\n","exitCode":128}
[2021-03-19 14:36:25.631] [exthost] [error] {"message":"Git error","stdout":"","stderr":"fatal: pathspec '/opt/lampp/htdocs/lsapp/public/storage/terry.jpg' is beyond a symbolic link\n","exitCode":128}
[2021-03-19 14:36:25.631] [exthost] [error] {"message":"Git error","stdout":"","stderr":"fatal: pathspec '/opt/lampp/htdocs/lsapp/public/storage/terry.jpg' is beyond a symbolic link\n","exitCode":128}
[2021-03-19 14:36:25.631] [exthost] [error] {"message":"Git error","stdout":"","stderr":"fatal: pathspec '/opt/lampp/htdocs/lsapp/public/storage/terry.jpg' is beyond a symbolic link\n","exitCode":128}
[2021-03-19 14:36:25.631] [exthost] [error] {"message":"Git error","stdout":"","stderr":"fatal: pathspec '/opt/lampp/htdocs/lsapp/public/storage/terry.jpg' is beyond a symbolic link\n","exitCode":128}
[2021-03-19 14:36:25.631] [exthost] [error] {"message":"Git error","stdout":"","stderr":"fatal: pathspec '/opt/lampp/htdocs/lsapp/public/storage/terry.jpg' is beyond a symbolic link\n","exitCode":128}
[2021-03-19 14:36:25.631] [exthost] [error] {"message":"Git error","stdout":"","stderr":"fatal: pathspec '/opt/lampp/htdocs/lsapp/public/storage/terry.jpg' is beyond a symbolic link\n","exitCode":128}
[2021-03-19 14:36:25.631] [exthost] [error] {"message":"Git error","stdout":"","stderr":"fatal: pathspec '/opt/lampp/htdocs/lsapp/public/storage/terry.jpg' is beyond a symbolic link\n","exitCode":128}
[2021-03-19 14:36:25.631] [exthost] [error] {"message":"Git error","stdout":"","stderr":"fatal: pathspec '/opt/lampp/htdocs/lsapp/public/storage/terry.jpg' is beyond a symbolic link\n","exitCode":128}
[2021-03-19 14:36:25.631] [exthost] [error] {"message":"Git error","stdout":"","stderr":"fatal: pathspec '/opt/lampp/htdocs/lsapp/public/storage/terry.jpg' is beyond a symbolic link\n","exitCode":128}
[2021-03-19 14:36:25.631] [exthost] [error] {"message":"Git error","stdout":"","stderr":"fatal: pathspec '/opt/lampp/htdocs/lsapp/public/storage/terry.jpg' is beyond a symbolic link\n","exitCode":128}
[2021-03-19 14:36:25.631] [exthost] [error] {"message":"Git error","stdout":"","stderr":"fatal: pathspec '/opt/lampp/htdocs/lsapp/public/storage/terry.jpg' is beyond a symbolic link\n","exitCode":128}
[2021-03-19 14:36:25.631] [exthost] [error] {"message":"Git error","stdout":"","stderr":"fatal: pathspec '/opt/lampp/htdocs/lsapp/public/storage/terry.jpg' is beyond a symbolic link\n","exitCode":128}
[2021-03-19 14:36:25.631] [exthost] [error] {"message":"Git error","stdout":"","stderr":"fatal: pathspec '/opt/lampp/htdocs/lsapp/public/storage/terry.jpg' is beyond a symbolic link\n","exitCode":128}
[2021-03-19 14:36:25.631] [exthost] [error] {"message":"Git error","stdout":"","stderr":"fatal: pathspec '/opt/lampp/htdocs/lsapp/public/storage/terry.jpg' is beyond a symbolic link\n","exitCode":128}
[2021-03-19 14:36:25.631] [exthost] [error] {"message":"Git error","stdout":"","stderr":"fatal: pathspec '/opt/lampp/htdocs/lsapp/public/storage/terry.jpg' is beyond a symbolic link\n","exitCode":128}
[2021-03-19 14:36:25.631] [exthost] [error] {"message":"Git error","stdout":"","stderr":"fatal: pathspec '/opt/lampp/htdocs/lsapp/public/storage/terry.jpg' is beyond a symbolic link\n","exitCode":128}
[2021-03-19 14:36:25.631] [exthost] [error] {"message":"Git error","stdout":"","stderr":"fatal: pathspec '/opt/lampp/htdocs/lsapp/public/storage/terry.jpg' is beyond a symbolic link\n","exitCode":128}
[2021-03-19 14:36:25.631] [exthost] [error] {"message":"Git error","stdout":"","stderr":"fatal: pathspec '/opt/lampp/htdocs/lsapp/public/storage/terry.jpg' is beyond a symbolic link\n","exitCode":128}
[2021-03-19 14:36:25.631] [exthost] [error] {"message":"Git error","stdout":"","stderr":"fatal: pathspec '/opt/lampp/htdocs/lsapp/public/storage/terry.jpg' is beyond a symbolic link\n","exitCode":128}
[2021-03-19 14:36:25.631] [exthost] [error] {"message":"Git error","stdout":"","stderr":"fatal: pathspec '/opt/lampp/htdocs/lsapp/public/storage/terry.jpg' is beyond a symbolic link\n","exitCode":128}
[2021-03-19 14:36:25.631] [exthost] [error] {"message":"Git error","stdout":"","stderr":"fatal: pathspec '/opt/lampp/htdocs/lsapp/public/storage/terry.jpg' is beyond a symbolic link\n","exitCode":128}
[2021-03-19 14:36:25.632] [exthost] [error] {"message":"Git error","stdout":"","stderr":"fatal: pathspec '/opt/lampp/htdocs/lsapp/public/storage/terry.jpg' is beyond a symbolic link\n","exitCode":128}
[2021-03-19 14:36:25.632] [exthost] [error] {"message":"Git error","stdout":"","stderr":"fatal: pathspec '/opt/lampp/htdocs/lsapp/public/storage/terry.jpg' is beyond a symbolic link\n","exitCode":128}
[2021-03-19 14:36:25.632] [exthost] [error] {"message":"Git error","stdout":"","stderr":"fatal: pathspec '/opt/lampp/htdocs/lsapp/public/storage/terry.jpg' is beyond a symbolic link\n","exitCode":128}
[2021-03-19 14:36:25.632] [exthost] [error] {"message":"Git error","stdout":"","stderr":"fatal: pathspec '/opt/lampp/htdocs/lsapp/public/storage/terry.jpg' is beyond a symbolic link\n","exitCode":128}
[2021-03-19 14:36:25.632] [exthost] [error] {"message":"Git error","stdout":"","stderr":"fatal: pathspec '/opt/lampp/htdocs/lsapp/public/storage/terry.jpg' is beyond a symbolic link\n","exitCode":128}
[2021-03-19 14:36:25.632] [exthost] [error] {"message":"Git error","stdout":"","stderr":"fatal: pathspec '/opt/lampp/htdocs/lsapp/public/storage/terry.jpg' is beyond a symbolic link\n","exitCode":128}
[2021-03-19 14:36:25.632] [exthost] [error] {"message":"Git error","stdout":"","stderr":"fatal: pathspec '/opt/lampp/htdocs/lsapp/public/storage/terry.jpg' is beyond a symbolic link\n","exitCode":128}
[2021-03-19 14:36:25.632] [exthost] [error] {"message":"Git error","stdout":"","stderr":"fatal: pathspec '/opt/lampp/htdocs/lsapp/public/storage/terry.jpg' is beyond a symbolic link\n","exitCode":128}
[2021-03-19 14:36:25.632] [exthost] [error] {"message":"Git error","stdout":"","stderr":"fatal: pathspec '/opt/lampp/htdocs/lsapp/public/storage/terry.jpg' is beyond a symbolic link\n","exitCode":128}
[2021-03-19 14:36:25.632] [exthost] [error] {"message":"Git error","stdout":"","stderr":"fatal: pathspec '/opt/lampp/htdocs/lsapp/public/storage/terry.jpg' is beyond a symbolic link\n","exitCode":128}
[2021-03-19 14:36:25.632] [exthost] [error] {"message":"Git error","stdout":"","stderr":"fatal: pathspec '/opt/lampp/htdocs/lsapp/public/storage/terry.jpg' is beyond a symbolic link\n","exitCode":128}
[2021-03-19 14:36:25.632] [exthost] [error] {"message":"Git error","stdout":"","stderr":"fatal: pathspec '/opt/lampp/htdocs/lsapp/public/storage/terry.jpg' is beyond a symbolic link\n","exitCode":128}
[2021-03-19 14:36:25.632] [exthost] [error] {"message":"Git error","stdout":"","stderr":"fatal: pathspec '/opt/lampp/htdocs/lsapp/public/storage/terry.jpg' is beyond a symbolic link\n","exitCode":128}
[2021-03-19 14:36:25.632] [exthost] [error] {"message":"Git error","stdout":"","stderr":"fatal: pathspec '/opt/lampp/htdocs/lsapp/public/storage/terry.jpg' is beyond a symbolic link\n","exitCode":128}
[2021-03-19 14:36:25.632] [exthost] [error] {"message":"Git error","stdout":"","stderr":"fatal: pathspec '/opt/lampp/htdocs/lsapp/public/storage/terry.jpg' is beyond a symbolic link\n","exitCode":128}
[2021-03-19 14:36:25.632] [exthost] [error] {"message":"Git error","stdout":"","stderr":"fatal: pathspec '/opt/lampp/htdocs/lsapp/public/storage/terry.jpg' is beyond a symbolic link\n","exitCode":128}
[2021-03-19 14:36:25.632] [exthost] [error] {"message":"Git error","stdout":"","stderr":"fatal: pathspec '/opt/lampp/htdocs/lsapp/public/storage/terry.jpg' is beyond a symbolic link\n","exitCode":128}
[2021-03-19 14:36:25.632] [exthost] [error] {"message":"Git error","stdout":"","stderr":"fatal: pathspec '/opt/lampp/htdocs/lsapp/public/storage/terry.jpg' is beyond a symbolic link\n","exitCode":128}
[2021-03-19 14:36:25.632] [exthost] [error] {"message":"Git error","stdout":"","stderr":"fatal: pathspec '/opt/lampp/htdocs/lsapp/public/storage/terry.jpg' is beyond a symbolic link\n","exitCode":128}
[2021-03-19 14:36:25.632] [exthost] [error] {"message":"Git error","stdout":"","stderr":"fatal: pathspec '/opt/lampp/htdocs/lsapp/public/storage/terry.jpg' is beyond a symbolic link\n","exitCode":128}
[2021-03-19 14:36:25.632] [exthost] [error] {"message":"Git error","stdout":"","stderr":"fatal: pathspec '/opt/lampp/htdocs/lsapp/public/storage/terry.jpg' is beyond a symbolic link\n","exitCode":128}
[2021-03-19 14:36:25.632] [exthost] [error] {"message":"Git error","stdout":"","stderr":"fatal: pathspec '/opt/lampp/htdocs/lsapp/public/storage/terry.jpg' is beyond a symbolic link\n","exitCode":128}
[2021-03-19 14:36:25.632] [exthost] [error] {"message":"Git error","stdout":"","stderr":"fatal: pathspec '/opt/lampp/htdocs/lsapp/public/storage/terry.jpg' is beyond a symbolic link\n","exitCode":128}
[2021-03-19 14:36:25.632] [exthost] [error] {"message":"Git error","stdout":"","stderr":"fatal: pathspec '/opt/lampp/htdocs/lsapp/public/storage/terry.jpg' is beyond a symbolic link\n","exitCode":128}
[2021-03-19 14:36:25.632] [exthost] [error] {"message":"Git error","stdout":"","stderr":"fatal: pathspec '/opt/lampp/htdocs/lsapp/public/storage/terry.jpg' is beyond a symbolic link\n","exitCode":128}
[2021-03-19 14:36:25.632] [exthost] [error] {"message":"Git error","stdout":"","stderr":"fatal: pathspec '/opt/lampp/htdocs/lsapp/public/storage/terry.jpg' is beyond a symbolic link\n","exitCode":128}
[2021-03-19 14:36:25.632] [exthost] [error] {"message":"Git error","stdout":"","stderr":"fatal: pathspec '/opt/lampp/htdocs/lsapp/public/storage/terry.jpg' is beyond a symbolic link\n","exitCode":128}
[2021-03-19 14:36:25.632] [exthost] [error] {"message":"Git error","stdout":"","stderr":"fatal: pathspec '/opt/lampp/htdocs/lsapp/public/storage/terry.jpg' is beyond a symbolic link\n","exitCode":128}
[2021-03-19 14:36:25.632] [exthost] [error] {"message":"Git error","stdout":"","stderr":"fatal: pathspec '/opt/lampp/htdocs/lsapp/public/storage/terry.jpg' is beyond a symbolic link\n","exitCode":128}
[2021-03-19 14:36:25.632] [exthost] [error] {"message":"Git error","stdout":"","stderr":"fatal: pathspec '/opt/lampp/htdocs/lsapp/public/storage/terry.jpg' is beyond a symbolic link\n","exitCode":128}
[2021-03-19 14:36:25.632] [exthost] [error] {"message":"Git error","stdout":"","stderr":"fatal: pathspec '/opt/lampp/htdocs/lsapp/public/storage/terry.jpg' is beyond a symbolic link\n","exitCode":128}
[2021-03-19 14:36:25.632] [exthost] [error] {"message":"Git error","stdout":"","stderr":"fatal: pathspec '/opt/lampp/htdocs/lsapp/public/storage/terry.jpg' is beyond a symbolic link\n","exitCode":128}
[2021-03-19 14:36:25.632] [exthost] [error] {"message":"Git error","stdout":"","stderr":"fatal: pathspec '/opt/lampp/htdocs/lsapp/public/storage/terry.jpg' is beyond a symbolic link\n","exitCode":128}
[2021-03-19 14:36:25.632] [exthost] [error] {"message":"Git error","stdout":"","stderr":"fatal: pathspec '/opt/lampp/htdocs/lsapp/public/storage/terry.jpg' is beyond a symbolic link\n","exitCode":128}
[2021-03-19 14:36:25.632] [exthost] [error] {"message":"Git error","stdout":"","stderr":"fatal: pathspec '/opt/lampp/htdocs/lsapp/public/storage/terry.jpg' is beyond a symbolic link\n","exitCode":128}
[2021-03-19 14:36:25.632] [exthost] [error] {"message":"Git error","stdout":"","stderr":"fatal: pathspec '/opt/lampp/htdocs/lsapp/public/storage/terry.jpg' is beyond a symbolic link\n","exitCode":128}
[2021-03-19 14:36:25.632] [exthost] [error] {"message":"Git error","stdout":"","stderr":"fatal: pathspec '/opt/lampp/htdocs/lsapp/public/storage/terry.jpg' is beyond a symbolic link\n","exitCode":128}
[2021-03-19 14:36:25.632] [exthost] [error] {"message":"Git error","stdout":"","stderr":"fatal: pathspec '/opt/lampp/htdocs/lsapp/public/storage/terry.jpg' is beyond a symbolic link\n","exitCode":128}
[2021-03-19 14:36:25.632] [exthost] [error] {"message":"Git error","stdout":"","stderr":"fatal: pathspec '/opt/lampp/htdocs/lsapp/public/storage/terry.jpg' is beyond a symbolic link\n","exitCode":128}
[2021-03-19 14:36:25.632] [exthost] [error] {"message":"Git error","stdout":"","stderr":"fatal: pathspec '/opt/lampp/htdocs/lsapp/public/storage/terry.jpg' is beyond a symbolic link\n","exitCode":128}
[2021-03-19 14:36:25.632] [exthost] [error] {"message":"Git error","stdout":"","stderr":"fatal: pathspec '/opt/lampp/htdocs/lsapp/public/storage/terry.jpg' is beyond a symbolic link\n","exitCode":128}
[2021-03-19 14:36:25.632] [exthost] [error] {"message":"Git error","stdout":"","stderr":"fatal: pathspec '/opt/lampp/htdocs/lsapp/public/storage/terry.jpg' is beyond a symbolic link\n","exitCode":128}
[2021-03-19 14:36:25.632] [exthost] [error] {"message":"Git error","stdout":"","stderr":"fatal: pathspec '/opt/lampp/htdocs/lsapp/public/storage/terry.jpg' is beyond a symbolic link\n","exitCode":128}
[2021-03-19 14:36:25.632] [exthost] [error] {"message":"Git error","stdout":"","stderr":"fatal: pathspec '/opt/lampp/htdocs/lsapp/public/storage/terry.jpg' is beyond a symbolic link\n","exitCode":128}
[2021-03-19 14:36:25.632] [exthost] [error] {"message":"Git error","stdout":"","stderr":"fatal: pathspec '/opt/lampp/htdocs/lsapp/public/storage/terry.jpg' is beyond a symbolic link\n","exitCode":128}
[2021-03-19 14:36:25.632] [exthost] [error] {"message":"Git error","stdout":"","stderr":"fatal: pathspec '/opt/lampp/htdocs/lsapp/public/storage/terry.jpg' is beyond a symbolic link\n","exitCode":128}
[2021-03-19 14:36:25.632] [exthost] [error] {"message":"Git error","stdout":"","stderr":"fatal: pathspec '/opt/lampp/htdocs/lsapp/public/storage/terry.jpg' is beyond a symbolic link\n","exitCode":128}
[2021-03-19 14:36:25.632] [exthost] [error] {"message":"Git error","stdout":"","stderr":"fatal: pathspec '/opt/lampp/htdocs/lsapp/public/storage/terry.jpg' is beyond a symbolic link\n","exitCode":128}
[2021-03-19 14:36:25.632] [exthost] [error] {"message":"Git error","stdout":"","stderr":"fatal: pathspec '/opt/lampp/htdocs/lsapp/public/storage/terry.jpg' is beyond a symbolic link\n","exitCode":128}
[2021-03-19 14:36:25.632] [exthost] [error] {"message":"Git error","stdout":"","stderr":"fatal: pathspec '/opt/lampp/htdocs/lsapp/public/storage/terry.jpg' is beyond a symbolic link\n","exitCode":128}
[2021-03-19 14:36:25.632] [exthost] [error] {"message":"Git error","stdout":"","stderr":"fatal: pathspec '/opt/lampp/htdocs/lsapp/public/storage/terry.jpg' is beyond a symbolic link\n","exitCode":128}
[2021-03-19 14:36:25.632] [exthost] [error] {"message":"Git error","stdout":"","stderr":"fatal: pathspec '/opt/lampp/htdocs/lsapp/public/storage/terry.jpg' is beyond a symbolic link\n","exitCode":128}
[2021-03-19 14:36:25.632] [exthost] [error] {"message":"Git error","stdout":"","stderr":"fatal: pathspec '/opt/lampp/htdocs/lsapp/public/storage/terry.jpg' is beyond a symbolic link\n","exitCode":128}
[2021-03-19 14:36:25.632] [exthost] [error] {"message":"Git error","stdout":"","stderr":"fatal: pathspec '/opt/lampp/htdocs/lsapp/public/storage/terry.jpg' is beyond a symbolic link\n","exitCode":128}
[2021-03-19 14:36:25.652] [exthost] [info] ExtensionService#_doActivateExtension vscode.github-authentication {"startup":false,"extensionId":{"value":"vscode.github-authentication","_lower":"vscode.github-authentication"},"activationEvent":"onAuthenticationRequest:github"}
[2021-03-19 14:36:25.652] [exthost] [info] ExtensionService#loadCommonJSModule file:///snap/code/59/usr/share/code/resources/app/extensions/github-authentication/dist/extension.js
[2021-03-19 15:13:42.835] [exthost] [info] ExtensionService#_doActivateExtension onecentlin.laravel-blade {"startup":false,"extensionId":{"value":"onecentlin.laravel-blade","_lower":"onecentlin.laravel-blade"},"activationEvent":"onLanguage:blade"}
[2021-03-19 15:13:42.835] [exthost] [info] ExtensionService#loadCommonJSModule file:///root/.vscode/extensions/onecentlin.laravel-blade-1.25.0/out/extension
[2021-03-19 15:17:48.572] [exthost] [info] ExtensionService#_doActivateExtension vscode.css-language-features {"startup":false,"extensionId":{"value":"vscode.css-language-features","_lower":"vscode.css-language-features"},"activationEvent":"onLanguage:css"}
[2021-03-19 15:17:48.573] [exthost] [info] ExtensionService#loadCommonJSModule file:///snap/code/59/usr/share/code/resources/app/extensions/css-language-features/client/dist/node/cssClientMain
[2021-03-19 16:29:42.723] [exthost] [info] extension host terminating: received terminate message from renderer
[2021-03-19 16:29:43.732] [exthost] [info] exiting with code 0
