[2021-02-05 06:46:18.181] [exthost] [info] extension host started
[2021-02-05 06:46:18.608] [exthost] [info] ExtensionService#_doActivateExtension vscode.microsoft-authentication {"startup":false,"extensionId":{"value":"vscode.microsoft-authentication","_lower":"vscode.microsoft-authentication"},"activationEvent":"onAuthenticationRequest:microsoft"}
[2021-02-05 06:46:18.609] [exthost] [info] ExtensionService#loadCommonJSModule file:///snap/code/53/usr/share/code/resources/app/extensions/microsoft-authentication/dist/extension.js
[2021-02-05 06:46:18.647] [exthost] [info] ExtensionService#_doActivateExtension vscode.php-language-features {"startup":false,"extensionId":{"value":"vscode.php-language-features","_lower":"vscode.php-language-features"},"activationEvent":"onLanguage:php"}
[2021-02-05 06:46:18.647] [exthost] [info] ExtensionService#loadCommonJSModule file:///snap/code/53/usr/share/code/resources/app/extensions/php-language-features/dist/phpMain
[2021-02-05 06:46:18.693] [exthost] [info] ExtensionService#_doActivateExtension vscode.debug-auto-launch {"startup":true,"extensionId":{"value":"vscode.debug-auto-launch","_lower":"vscode.debug-auto-launch"},"activationEvent":"*"}
[2021-02-05 06:46:18.693] [exthost] [info] ExtensionService#loadCommonJSModule file:///snap/code/53/usr/share/code/resources/app/extensions/debug-auto-launch/dist/extension
[2021-02-05 06:46:18.700] [exthost] [info] ExtensionService#_doActivateExtension vscode.git {"startup":true,"extensionId":{"value":"vscode.github","_lower":"vscode.github"},"activationEvent":"*"}
[2021-02-05 06:46:18.700] [exthost] [info] ExtensionService#loadCommonJSModule file:///snap/code/53/usr/share/code/resources/app/extensions/git/dist/main
[2021-02-05 06:46:18.804] [exthost] [info] ExtensionService#_doActivateExtension vscode.npm {"startup":true,"extensionId":{"value":"vscode.npm","_lower":"vscode.npm"},"activationEvent":"workspaceContains:package.json"}
[2021-02-05 06:46:18.804] [exthost] [info] ExtensionService#loadCommonJSModule file:///snap/code/53/usr/share/code/resources/app/extensions/npm/dist/npmMain
[2021-02-05 06:46:19.038] [exthost] [info] ExtensionService#_doActivateExtension vscode.configuration-editing {"startup":false,"extensionId":{"value":"vscode.configuration-editing","_lower":"vscode.configuration-editing"},"activationEvent":"onLanguage:json"}
[2021-02-05 06:46:19.039] [exthost] [info] ExtensionService#loadCommonJSModule file:///snap/code/53/usr/share/code/resources/app/extensions/configuration-editing/dist/configurationEditingMain
[2021-02-05 06:46:19.045] [exthost] [info] ExtensionService#_doActivateExtension vscode.extension-editing {"startup":false,"extensionId":{"value":"vscode.extension-editing","_lower":"vscode.extension-editing"},"activationEvent":"onLanguage:json"}
[2021-02-05 06:46:19.045] [exthost] [info] ExtensionService#loadCommonJSModule file:///snap/code/53/usr/share/code/resources/app/extensions/extension-editing/dist/extensionEditingMain
[2021-02-05 06:46:19.091] [exthost] [info] ExtensionService#_doActivateExtension vscode.json-language-features {"startup":false,"extensionId":{"value":"vscode.json-language-features","_lower":"vscode.json-language-features"},"activationEvent":"onLanguage:json"}
[2021-02-05 06:46:19.091] [exthost] [info] ExtensionService#loadCommonJSModule file:///snap/code/53/usr/share/code/resources/app/extensions/json-language-features/client/dist/node/jsonClientMain
[2021-02-05 06:46:19.182] [exthost] [info] ExtensionService#_doActivateExtension ms-vscode.js-debug {"startup":false,"extensionId":{"value":"ms-vscode.js-debug","_lower":"ms-vscode.js-debug"},"activationEvent":"onLanguage:json"}
[2021-02-05 06:46:19.182] [exthost] [info] ExtensionService#loadCommonJSModule file:///snap/code/53/usr/share/code/resources/app/extensions/ms-vscode.js-debug/src/extension.js
[2021-02-05 06:46:19.500] [exthost] [info] ExtensionService#_doActivateExtension vscode.typescript-language-features {"startup":false,"extensionId":{"value":"vscode.typescript-language-features","_lower":"vscode.typescript-language-features"},"activationEvent":"onLanguage:typescript"}
[2021-02-05 06:46:19.501] [exthost] [info] ExtensionService#loadCommonJSModule file:///snap/code/53/usr/share/code/resources/app/extensions/typescript-language-features/dist/extension
[2021-02-05 06:46:19.963] [exthost] [info] ExtensionService#_doActivateExtension vscode.github {"startup":true,"extensionId":{"value":"vscode.github","_lower":"vscode.github"},"activationEvent":"*"}
[2021-02-05 06:46:19.964] [exthost] [info] ExtensionService#loadCommonJSModule file:///snap/code/53/usr/share/code/resources/app/extensions/github/dist/extension.js
[2021-02-05 06:46:20.127] [exthost] [info] eager extensions activated
[2021-02-05 06:46:20.142] [exthost] [info] ExtensionService#_doActivateExtension vscode.emmet {"startup":false,"extensionId":{"value":"vscode.emmet","_lower":"vscode.emmet"},"activationEvent":"onStartupFinished"}
[2021-02-05 06:46:20.143] [exthost] [info] ExtensionService#loadCommonJSModule file:///snap/code/53/usr/share/code/resources/app/extensions/emmet/dist/node/emmetNodeMain
[2021-02-05 06:46:20.196] [exthost] [info] ExtensionService#_doActivateExtension vscode.merge-conflict {"startup":false,"extensionId":{"value":"vscode.merge-conflict","_lower":"vscode.merge-conflict"},"activationEvent":"onStartupFinished"}
[2021-02-05 06:46:20.196] [exthost] [info] ExtensionService#loadCommonJSModule file:///snap/code/53/usr/share/code/resources/app/extensions/merge-conflict/dist/mergeConflictMain
[2021-02-05 06:46:20.207] [exthost] [info] ExtensionService#_doActivateExtension vscode.testing-editor-contributions {"startup":false,"extensionId":{"value":"vscode.testing-editor-contributions","_lower":"vscode.testing-editor-contributions"},"activationEvent":"onStartupFinished"}
[2021-02-05 06:46:20.207] [exthost] [info] ExtensionService#loadCommonJSModule file:///snap/code/53/usr/share/code/resources/app/extensions/testing-editor-contributions/dist/extension.js
[2021-02-05 06:46:20.352] [exthost] [info] ExtensionService#_doActivateExtension vscode.github-authentication {"startup":false,"extensionId":{"value":"vscode.github-authentication","_lower":"vscode.github-authentication"},"activationEvent":"onAuthenticationRequest:github"}
[2021-02-05 06:46:20.352] [exthost] [info] ExtensionService#loadCommonJSModule file:///snap/code/53/usr/share/code/resources/app/extensions/github-authentication/dist/extension.js
[2021-02-05 06:48:59.888] [exthost] [info] ExtensionService#_doActivateExtension onecentlin.laravel-blade {"startup":false,"extensionId":{"value":"onecentlin.laravel-blade","_lower":"onecentlin.laravel-blade"},"activationEvent":"onLanguage:blade"}
[2021-02-05 06:48:59.888] [exthost] [info] ExtensionService#loadCommonJSModule file:///root/.vscode/extensions/onecentlin.laravel-blade-1.25.0/out/extension
[2021-02-05 06:57:42.193] [exthost] [info] ExtensionService#_doActivateExtension vscode.simple-browser {"startup":false,"extensionId":{"value":"vscode.simple-browser","_lower":"vscode.simple-browser"},"activationEvent":"onUriOpen:http"}
[2021-02-05 06:57:42.193] [exthost] [info] ExtensionService#loadCommonJSModule file:///snap/code/53/usr/share/code/resources/app/extensions/simple-browser/dist/extension
[2021-02-05 07:49:55.670] [exthost] [info] ExtensionService#_doActivateExtension vscode.html-language-features {"startup":false,"extensionId":{"value":"vscode.html-language-features","_lower":"vscode.html-language-features"},"activationEvent":"onLanguage:html"}
[2021-02-05 07:49:55.670] [exthost] [info] ExtensionService#loadCommonJSModule file:///snap/code/53/usr/share/code/resources/app/extensions/html-language-features/client/dist/node/htmlClientMain
[2021-02-05 09:13:08.216] [exthost] [info] ExtensionService#_doActivateExtension vscode.css-language-features {"startup":false,"extensionId":{"value":"vscode.css-language-features","_lower":"vscode.css-language-features"},"activationEvent":"onLanguage:css"}
[2021-02-05 09:13:08.216] [exthost] [info] ExtensionService#loadCommonJSModule file:///snap/code/53/usr/share/code/resources/app/extensions/css-language-features/client/dist/node/cssClientMain
[2021-02-05 10:16:51.390] [exthost] [info] ExtensionService#_doActivateExtension vscode.image-preview {"startup":false,"extensionId":{"value":"vscode.image-preview","_lower":"vscode.image-preview"},"activationEvent":"onCustomEditor:imagePreview.previewEditor"}
[2021-02-05 10:16:51.390] [exthost] [info] ExtensionService#loadCommonJSModule file:///snap/code/53/usr/share/code/resources/app/extensions/image-preview/dist/extension
[2021-02-05 12:53:32.748] [exthost] [info] extension host terminating: received terminate message from renderer
[2021-02-05 12:53:33.776] [exthost] [info] exiting with code 0
